{"C:\\Isac\\Projeto final\\DEVastation\\clients\\src\\app.js": {"path":"C:\\Isac\\Projeto final\\DEVastation\\clients\\src\\app.js","statementMap":{"0":{"start":{"line":4,"column":12},"end":{"line":4,"column":21}},"1":{"start":{"line":5,"column":0},"end":{"line":5,"column":24}},"2":{"start":{"line":6,"column":0},"end":{"line":6,"column":12}}},"fnMap":{},"branchMap":{},"s":{"0":1,"1":1,"2":1},"f":{},"b":{},"_coverageSchema":"1a1c01bbd47fc00a2c39e90264f33305004495a9","hash":"351a5eebe39e3362faf9af0a4d1382359fbf31c1"}
,"C:\\Isac\\Projeto final\\DEVastation\\clients\\src\\config\\dbConnect.js": {"path":"C:\\Isac\\Projeto final\\DEVastation\\clients\\src\\config\\dbConnect.js","statementMap":{"0":{"start":{"line":3,"column":16},"end":{"line":3,"column":50}},"1":{"start":{"line":4,"column":16},"end":{"line":4,"column":46}},"2":{"start":{"line":6,"column":18},"end":{"line":6,"column":89}},"3":{"start":{"line":7,"column":0},"end":{"line":7,"column":27}},"4":{"start":{"line":11,"column":9},"end":{"line":11,"column":28}}},"fnMap":{},"branchMap":{"0":{"loc":{"start":{"line":3,"column":16},"end":{"line":3,"column":50}},"type":"binary-expr","locations":[{"start":{"line":3,"column":16},"end":{"line":3,"column":35}},{"start":{"line":3,"column":39},"end":{"line":3,"column":50}}],"line":3},"1":{"loc":{"start":{"line":4,"column":16},"end":{"line":4,"column":46}},"type":"binary-expr","locations":[{"start":{"line":4,"column":16},"end":{"line":4,"column":35}},{"start":{"line":4,"column":39},"end":{"line":4,"column":46}}],"line":4}},"s":{"0":1,"1":1,"2":1,"3":1,"4":1},"f":{},"b":{"0":[1,1],"1":[1,1]},"_coverageSchema":"1a1c01bbd47fc00a2c39e90264f33305004495a9","hash":"4e6c4305f190968e3318371a23450230ae806ca7"}
,"C:\\Isac\\Projeto final\\DEVastation\\clients\\src\\controllers\\clientsController.js": {"path":"C:\\Isac\\Projeto final\\DEVastation\\clients\\src\\controllers\\clientsController.js","statementMap":{"0":{"start":{"line":5,"column":25},"end":{"line":13,"column":5}},"1":{"start":{"line":6,"column":8},"end":{"line":12,"column":9}},"2":{"start":{"line":7,"column":28},"end":{"line":7,"column":48}},"3":{"start":{"line":8,"column":12},"end":{"line":8,"column":49}},"4":{"start":{"line":11,"column":12},"end":{"line":11,"column":68}},"5":{"start":{"line":15,"column":28},"end":{"line":34,"column":5}},"6":{"start":{"line":16,"column":23},"end":{"line":16,"column":33}},"7":{"start":{"line":17,"column":23},"end":{"line":17,"column":67}},"8":{"start":{"line":19,"column":8},"end":{"line":30,"column":9}},"9":{"start":{"line":20,"column":27},"end":{"line":20,"column":68}},"10":{"start":{"line":21,"column":12},"end":{"line":24,"column":13}},"11":{"start":{"line":22,"column":16},"end":{"line":22,"column":77}},"12":{"start":{"line":26,"column":12},"end":{"line":26,"column":48}},"13":{"start":{"line":28,"column":12},"end":{"line":28,"column":67}},"14":{"start":{"line":36,"column":24},"end":{"line":56,"column":5}},"15":{"start":{"line":37,"column":29},"end":{"line":37,"column":37}},"16":{"start":{"line":39,"column":27},"end":{"line":40,"column":92}},"17":{"start":{"line":41,"column":8},"end":{"line":54,"column":9}},"18":{"start":{"line":42,"column":30},"end":{"line":42,"column":60}},"19":{"start":{"line":43,"column":12},"end":{"line":45,"column":13}},"20":{"start":{"line":44,"column":16},"end":{"line":44,"column":75}},"21":{"start":{"line":46,"column":29},"end":{"line":46,"column":45}},"22":{"start":{"line":47,"column":27},"end":{"line":47,"column":46}},"23":{"start":{"line":48,"column":12},"end":{"line":48,"column":60}},"24":{"start":{"line":52,"column":12},"end":{"line":52,"column":67}}},"fnMap":{"0":{"name":"(anonymous_0)","decl":{"start":{"line":5,"column":25},"end":{"line":5,"column":26}},"loc":{"start":{"line":5,"column":45},"end":{"line":13,"column":5}},"line":5},"1":{"name":"(anonymous_1)","decl":{"start":{"line":15,"column":28},"end":{"line":15,"column":29}},"loc":{"start":{"line":15,"column":48},"end":{"line":34,"column":5}},"line":15},"2":{"name":"(anonymous_2)","decl":{"start":{"line":36,"column":24},"end":{"line":36,"column":25}},"loc":{"start":{"line":36,"column":44},"end":{"line":56,"column":5}},"line":36}},"branchMap":{"0":{"loc":{"start":{"line":21,"column":12},"end":{"line":24,"column":13}},"type":"if","locations":[{"start":{"line":21,"column":12},"end":{"line":24,"column":13}},{"start":{},"end":{}}],"line":21},"1":{"loc":{"start":{"line":43,"column":12},"end":{"line":45,"column":13}},"type":"if","locations":[{"start":{"line":43,"column":12},"end":{"line":45,"column":13}},{"start":{},"end":{}}],"line":43}},"s":{"0":1,"1":1,"2":1,"3":1,"4":0,"5":1,"6":1,"7":1,"8":1,"9":1,"10":1,"11":0,"12":1,"13":0,"14":1,"15":1,"16":1,"17":1,"18":1,"19":1,"20":0,"21":1,"22":1,"23":1,"24":0},"f":{"0":1,"1":1,"2":1},"b":{"0":[0,1],"1":[0,1]},"_coverageSchema":"1a1c01bbd47fc00a2c39e90264f33305004495a9","hash":"7bac1d86f7d728743a762918d8e053d45d22a457"}
,"C:\\Isac\\Projeto final\\DEVastation\\clients\\src\\models\\clients.js": {"path":"C:\\Isac\\Projeto final\\DEVastation\\clients\\src\\models\\clients.js","statementMap":{"0":{"start":{"line":4,"column":22},"end":{"line":14,"column":1}},"1":{"start":{"line":16,"column":19},"end":{"line":24,"column":1}},"2":{"start":{"line":26,"column":21},"end":{"line":37,"column":1}},"3":{"start":{"line":40,"column":16},"end":{"line":40,"column":59}}},"fnMap":{},"branchMap":{},"s":{"0":1,"1":1,"2":1,"3":1},"f":{},"b":{},"_coverageSchema":"1a1c01bbd47fc00a2c39e90264f33305004495a9","hash":"0f3adf68285f39f76da698c4143e86f3bbdcfc74"}
,"C:\\Isac\\Projeto final\\DEVastation\\clients\\src\\routes\\clientsRoutes.js": {"path":"C:\\Isac\\Projeto final\\DEVastation\\clients\\src\\routes\\clientsRoutes.js","statementMap":{"0":{"start":{"line":5,"column":15},"end":{"line":5,"column":31}},"1":{"start":{"line":7,"column":0},"end":{"line":10,"column":63}}},"fnMap":{},"branchMap":{},"s":{"0":1,"1":1},"f":{},"b":{},"_coverageSchema":"1a1c01bbd47fc00a2c39e90264f33305004495a9","hash":"3042f5d5f28f666750d186093cc83da24d4f4044"}
,"C:\\Isac\\Projeto final\\DEVastation\\clients\\src\\routes\\index.js": {"path":"C:\\Isac\\Projeto final\\DEVastation\\clients\\src\\routes\\index.js","statementMap":{"0":{"start":{"line":4,"column":15},"end":{"line":13,"column":1}},"1":{"start":{"line":5,"column":4},"end":{"line":7,"column":7}},"2":{"start":{"line":6,"column":8},"end":{"line":6,"column":65}},"3":{"start":{"line":9,"column":4},"end":{"line":12,"column":6}}},"fnMap":{"0":{"name":"(anonymous_0)","decl":{"start":{"line":4,"column":15},"end":{"line":4,"column":16}},"loc":{"start":{"line":4,"column":24},"end":{"line":13,"column":1}},"line":4},"1":{"name":"(anonymous_1)","decl":{"start":{"line":5,"column":23},"end":{"line":5,"column":24}},"loc":{"start":{"line":5,"column":38},"end":{"line":7,"column":5}},"line":5}},"branchMap":{},"s":{"0":1,"1":1,"2":0,"3":1},"f":{"0":1,"1":0},"b":{},"_coverageSchema":"1a1c01bbd47fc00a2c39e90264f33305004495a9","hash":"ab065218eb2177226991b6dd9f88bfd2542552f2"}
}
