{"C:\\Isac\\Projeto final\\DEVastation\\clients\\src\\app.js": {"path":"C:\\Isac\\Projeto final\\DEVastation\\clients\\src\\app.js","statementMap":{"0":{"start":{"line":4,"column":12},"end":{"line":4,"column":21}},"1":{"start":{"line":5,"column":0},"end":{"line":5,"column":24}},"2":{"start":{"line":6,"column":0},"end":{"line":6,"column":12}}},"fnMap":{},"branchMap":{},"s":{"0":1,"1":1,"2":1},"f":{},"b":{},"_coverageSchema":"1a1c01bbd47fc00a2c39e90264f33305004495a9","hash":"351a5eebe39e3362faf9af0a4d1382359fbf31c1"}
,"C:\\Isac\\Projeto final\\DEVastation\\clients\\src\\config\\dbConnect.js": {"path":"C:\\Isac\\Projeto final\\DEVastation\\clients\\src\\config\\dbConnect.js","statementMap":{"0":{"start":{"line":3,"column":16},"end":{"line":3,"column":50}},"1":{"start":{"line":4,"column":16},"end":{"line":4,"column":46}},"2":{"start":{"line":6,"column":18},"end":{"line":6,"column":89}},"3":{"start":{"line":7,"column":0},"end":{"line":7,"column":27}},"4":{"start":{"line":11,"column":9},"end":{"line":11,"column":28}}},"fnMap":{},"branchMap":{"0":{"loc":{"start":{"line":3,"column":16},"end":{"line":3,"column":50}},"type":"binary-expr","locations":[{"start":{"line":3,"column":16},"end":{"line":3,"column":35}},{"start":{"line":3,"column":39},"end":{"line":3,"column":50}}],"line":3},"1":{"loc":{"start":{"line":4,"column":16},"end":{"line":4,"column":46}},"type":"binary-expr","locations":[{"start":{"line":4,"column":16},"end":{"line":4,"column":35}},{"start":{"line":4,"column":39},"end":{"line":4,"column":46}}],"line":4}},"s":{"0":1,"1":1,"2":1,"3":1,"4":1},"f":{},"b":{"0":[1,1],"1":[1,1]},"_coverageSchema":"1a1c01bbd47fc00a2c39e90264f33305004495a9","hash":"4e6c4305f190968e3318371a23450230ae806ca7"}
,"C:\\Isac\\Projeto final\\DEVastation\\clients\\src\\controllers\\clientsController.js": {"path":"C:\\Isac\\Projeto final\\DEVastation\\clients\\src\\controllers\\clientsController.js","statementMap":{"0":{"start":{"line":11,"column":25},"end":{"line":19,"column":5}},"1":{"start":{"line":12,"column":8},"end":{"line":18,"column":9}},"2":{"start":{"line":13,"column":28},"end":{"line":13,"column":48}},"3":{"start":{"line":14,"column":12},"end":{"line":14,"column":49}},"4":{"start":{"line":17,"column":12},"end":{"line":17,"column":68}},"5":{"start":{"line":37,"column":28},"end":{"line":56,"column":5}},"6":{"start":{"line":38,"column":23},"end":{"line":38,"column":33}},"7":{"start":{"line":39,"column":23},"end":{"line":39,"column":67}},"8":{"start":{"line":41,"column":8},"end":{"line":52,"column":9}},"9":{"start":{"line":42,"column":27},"end":{"line":42,"column":68}},"10":{"start":{"line":43,"column":12},"end":{"line":46,"column":13}},"11":{"start":{"line":44,"column":16},"end":{"line":44,"column":77}},"12":{"start":{"line":48,"column":12},"end":{"line":48,"column":48}},"13":{"start":{"line":50,"column":12},"end":{"line":50,"column":67}},"14":{"start":{"line":58,"column":24},"end":{"line":81,"column":5}},"15":{"start":{"line":59,"column":29},"end":{"line":59,"column":37}},"16":{"start":{"line":61,"column":27},"end":{"line":62,"column":92}},"17":{"start":{"line":63,"column":8},"end":{"line":79,"column":9}},"18":{"start":{"line":64,"column":30},"end":{"line":64,"column":60}},"19":{"start":{"line":65,"column":29},"end":{"line":65,"column":45}},"20":{"start":{"line":66,"column":27},"end":{"line":66,"column":46}},"21":{"start":{"line":67,"column":27},"end":{"line":67,"column":48}},"22":{"start":{"line":70,"column":12},"end":{"line":73,"column":13}},"23":{"start":{"line":71,"column":16},"end":{"line":71,"column":75}},"24":{"start":{"line":75,"column":12},"end":{"line":75,"column":68}},"25":{"start":{"line":77,"column":12},"end":{"line":77,"column":67}}},"fnMap":{"0":{"name":"(anonymous_0)","decl":{"start":{"line":11,"column":25},"end":{"line":11,"column":26}},"loc":{"start":{"line":11,"column":45},"end":{"line":19,"column":5}},"line":11},"1":{"name":"(anonymous_1)","decl":{"start":{"line":37,"column":28},"end":{"line":37,"column":29}},"loc":{"start":{"line":37,"column":48},"end":{"line":56,"column":5}},"line":37},"2":{"name":"(anonymous_2)","decl":{"start":{"line":58,"column":24},"end":{"line":58,"column":25}},"loc":{"start":{"line":58,"column":44},"end":{"line":81,"column":5}},"line":58}},"branchMap":{"0":{"loc":{"start":{"line":43,"column":12},"end":{"line":46,"column":13}},"type":"if","locations":[{"start":{"line":43,"column":12},"end":{"line":46,"column":13}},{"start":{},"end":{}}],"line":43},"1":{"loc":{"start":{"line":70,"column":12},"end":{"line":73,"column":13}},"type":"if","locations":[{"start":{"line":70,"column":12},"end":{"line":73,"column":13}},{"start":{},"end":{}}],"line":70}},"s":{"0":1,"1":0,"2":0,"3":0,"4":0,"5":1,"6":0,"7":0,"8":0,"9":0,"10":0,"11":0,"12":0,"13":0,"14":1,"15":0,"16":0,"17":0,"18":0,"19":0,"20":0,"21":0,"22":0,"23":0,"24":0,"25":0},"f":{"0":0,"1":0,"2":0},"b":{"0":[0,0],"1":[0,0]},"_coverageSchema":"1a1c01bbd47fc00a2c39e90264f33305004495a9","hash":"5e0e2cef0dde77bc0bf44c404de8c099987e776a"}
,"C:\\Isac\\Projeto final\\DEVastation\\clients\\src\\models\\clients.js": {"path":"C:\\Isac\\Projeto final\\DEVastation\\clients\\src\\models\\clients.js","statementMap":{"0":{"start":{"line":4,"column":22},"end":{"line":14,"column":1}},"1":{"start":{"line":16,"column":19},"end":{"line":24,"column":1}},"2":{"start":{"line":26,"column":21},"end":{"line":37,"column":1}},"3":{"start":{"line":40,"column":16},"end":{"line":40,"column":59}}},"fnMap":{},"branchMap":{},"s":{"0":1,"1":1,"2":1,"3":1},"f":{},"b":{},"_coverageSchema":"1a1c01bbd47fc00a2c39e90264f33305004495a9","hash":"0f3adf68285f39f76da698c4143e86f3bbdcfc74"}
,"C:\\Isac\\Projeto final\\DEVastation\\clients\\src\\routes\\clientsRoutes.js": {"path":"C:\\Isac\\Projeto final\\DEVastation\\clients\\src\\routes\\clientsRoutes.js","statementMap":{"0":{"start":{"line":6,"column":15},"end":{"line":6,"column":31}},"1":{"start":{"line":8,"column":0},"end":{"line":11,"column":60}}},"fnMap":{},"branchMap":{},"s":{"0":1,"1":1},"f":{},"b":{},"_coverageSchema":"1a1c01bbd47fc00a2c39e90264f33305004495a9","hash":"74c9df011b546c35db58b753bc7c2f94ca1d44d6"}
,"C:\\Isac\\Projeto final\\DEVastation\\clients\\src\\routes\\index.js": {"path":"C:\\Isac\\Projeto final\\DEVastation\\clients\\src\\routes\\index.js","statementMap":{"0":{"start":{"line":5,"column":15},"end":{"line":14,"column":1}},"1":{"start":{"line":6,"column":4},"end":{"line":8,"column":7}},"2":{"start":{"line":7,"column":8},"end":{"line":7,"column":65}},"3":{"start":{"line":10,"column":4},"end":{"line":13,"column":6}}},"fnMap":{"0":{"name":"(anonymous_0)","decl":{"start":{"line":5,"column":15},"end":{"line":5,"column":16}},"loc":{"start":{"line":5,"column":24},"end":{"line":14,"column":1}},"line":5},"1":{"name":"(anonymous_1)","decl":{"start":{"line":6,"column":23},"end":{"line":6,"column":24}},"loc":{"start":{"line":6,"column":38},"end":{"line":8,"column":5}},"line":6}},"branchMap":{},"s":{"0":1,"1":1,"2":0,"3":1},"f":{"0":1,"1":0},"b":{},"_coverageSchema":"1a1c01bbd47fc00a2c39e90264f33305004495a9","hash":"17f6ac2f449db6056fee075f7620c0f77c243a22"}
}
