TN:
SF:src\app.js
FNF:0
FNH:0
DA:4,1
DA:5,1
DA:6,1
LF:3
LH:3
BRF:0
BRH:0
end_of_record
TN:
SF:src\config\dbConnect.js
FNF:0
FNH:0
DA:3,1
DA:4,1
DA:6,1
DA:7,1
DA:11,1
LF:5
LH:5
BRDA:3,0,0,1
BRDA:3,0,1,1
BRDA:4,1,0,1
BRDA:4,1,1,1
BRF:4
BRH:4
end_of_record
TN:
SF:src\controllers\clientsController.js
FN:11,(anonymous_0)
FN:37,(anonymous_1)
FN:58,(anonymous_2)
FNF:3
FNH:3
FNDA:1,(anonymous_0)
FNDA:1,(anonymous_1)
FNDA:1,(anonymous_2)
DA:11,1
DA:12,1
DA:13,1
DA:14,1
DA:17,0
DA:37,1
DA:38,1
DA:39,1
DA:41,1
DA:42,1
DA:43,1
DA:44,0
DA:48,1
DA:50,0
DA:58,1
DA:59,1
DA:61,1
DA:63,1
DA:64,1
DA:65,1
DA:66,0
DA:68,1
DA:69,1
DA:70,1
DA:71,1
DA:72,1
DA:76,0
LF:27
LH:22
BRDA:43,0,0,0
BRDA:43,0,1,1
BRDA:65,1,0,0
BRDA:65,1,1,1
BRF:4
BRH:2
end_of_record
TN:
SF:src\models\clients.js
FNF:0
FNH:0
DA:4,1
DA:16,1
DA:26,1
DA:40,1
LF:4
LH:4
BRF:0
BRH:0
end_of_record
TN:
SF:src\routes\clientsRoutes.js
FNF:0
FNH:0
DA:6,1
DA:8,1
LF:2
LH:2
BRF:0
BRH:0
end_of_record
TN:
SF:src\routes\index.js
FN:5,(anonymous_0)
FN:6,(anonymous_1)
FNF:2
FNH:1
FNDA:1,(anonymous_0)
FNDA:0,(anonymous_1)
DA:5,1
DA:6,1
DA:7,0
DA:10,1
LF:4
LH:3
BRF:0
BRH:0
end_of_record
